#
# There is insufficient memory for the Java Runtime Environment to continue.
# Native memory allocation (mmap) failed to map 266338304 bytes for G1 virtual space
# Possible reasons:
#   The system is out of physical RAM or swap space
#   The process is running with CompressedOops enabled, and the Java Heap may be blocking the growth of the native heap
# Possible solutions:
#   Reduce memory load on the system
#   Increase physical memory or swap space
#   Check if swap backing store is full
#   Decrease Java heap size (-Xmx/-Xms)
#   Decrease number of Java threads
#   Decrease Java thread stack sizes (-Xss)
#   Set larger code cache with -XX:ReservedCodeCacheSize=
#   JVM is running with Zero Based Compressed Oops mode in which the Java heap is
#     placed in the first 32GB address space. The Java Heap base address is the
#     maximum limit for the native heap growth. Please use -XX:HeapBaseMinAddress
#     to set the Java Heap base and to place the Java Heap above 32GB virtual address.
# This output file may be truncated or incomplete.
#
#  Out of Memory Error (os_windows.cpp:3552), pid=23420, tid=23052
#
# JRE version:  (17.0.9+11) (build )
# Java VM: Java HotSpot(TM) 64-Bit Server VM (17.0.9+11-LTS-201, mixed mode, sharing, tiered, compressed oops, compressed class ptrs, g1 gc, windows-amd64)
# No core dump will be written. Minidumps are not enabled by default on client versions of Windows
#

---------------  S U M M A R Y ------------

Command Line: -javaagent:C:\Program Files\JetBrains\IntelliJ IDEA Community Edition 2023.3.1\lib\idea_rt.jar=59492:C:\Program Files\JetBrains\IntelliJ IDEA Community Edition 2023.3.1\bin -Dfile.encoding=UTF-8 qrcodeapi.Application

Host: Intel(R) Core(TM) i7-8750H CPU @ 2.20GHz, 12 cores, 15G,  Windows 10 , 64 bit Build 19041 (10.0.19041.3636)
Time: Sat Dec 16 21:44:13 2023 Central European Standard Time elapsed time: 0.012009 seconds (0d 0h 0m 0s)

---------------  T H R E A D  ---------------

Current thread (0x000002010f95c460):  JavaThread "Unknown thread" [_thread_in_vm, id=23052, stack(0x000000aeffe00000,0x000000aefff00000)]

Stack: [0x000000aeffe00000,0x000000aefff00000]
Native frames: (J=compiled Java code, j=interpreted, Vv=VM code, C=native code)
V  [jvm.dll+0x678a4a]
V  [jvm.dll+0x7d9cfd]
V  [jvm.dll+0x7db60e]
V  [jvm.dll+0x7dbc73]
V  [jvm.dll+0x245e1f]
V  [jvm.dll+0x6758f9]
V  [jvm.dll+0x66a2a2]
V  [jvm.dll+0x303686]
V  [jvm.dll+0x30ac06]
V  [jvm.dll+0x35a48e]
V  [jvm.dll+0x35a6bf]
V  [jvm.dll+0x2da678]
V  [jvm.dll+0x2db5e4]
V  [jvm.dll+0x7ab6b1]
V  [jvm.dll+0x368041]
V  [jvm.dll+0x78a749]
V  [jvm.dll+0x3ebd4f]
V  [jvm.dll+0x3ed7d1]
C  [jli.dll+0x5297]
C  [ucrtbase.dll+0x21bb2]
C  [KERNEL32.DLL+0x17344]
C  [ntdll.dll+0x526b1]


---------------  P R O C E S S  ---------------

Threads class SMR info:
_java_thread_list=0x00007ffbb81289d8, length=0, elements={
}

Java Threads: ( => current thread )

Other Threads:
  0x000002010f9c4260 GCTaskThread "GC Thread#0" [stack: 0x000000aefff00000,0x000000af00000000] [id=23188]
  0x000002010f9d4e80 ConcurrentGCThread "G1 Main Marker" [stack: 0x000000ae80000000,0x000000ae80100000] [id=9080]
  0x000002010f9d6030 ConcurrentGCThread "G1 Conc#0" [stack: 0x000000ae80100000,0x000000ae80200000] [id=11156]

[error occurred during error reporting (printing all threads), id 0xc0000005, EXCEPTION_ACCESS_VIOLATION (0xc0000005) at pc=0x00007ffbb795b2d7]

VM state: not at safepoint (not fully initialized)

VM Mutex/Monitor currently owned by a thread:  ([mutex/lock_event])
[0x000002010f955ec0] Heap_lock - owner thread: 0x000002010f95c460

Heap address: 0x0000000703200000, size: 4046 MB, Compressed Oops mode: Zero based, Oop shift amount: 3

CDS archive(s) mapped at: [0x0000000000000000-0x0000000000000000-0x0000000000000000), size 0, SharedBaseAddress: 0x0000000800000000, ArchiveRelocationMode: 1.
Narrow klass base: 0x0000000000000000, Narrow klass shift: 0, Narrow klass range: 0x0

GC Precious Log:
<Empty>

Heap:
 garbage-first heap   total 0K, used 0K [0x0000000703200000, 0x0000000800000000)
  region size 2048K, 0 young (0K), 0 survivors (0K)

[error occurred during error reporting (printing heap information), id 0xc0000005, EXCEPTION_ACCESS_VIOLATION (0xc0000005) at pc=0x00007ffbb7d42229]

GC Heap History (0 events):
No events

Deoptimization events (0 events):
No events

Classes unloaded (0 events):
No events

Classes redefined (0 events):
No events

Internal exceptions (0 events):
No events

VM Operations (0 events):
No events

Events (1 events):
Event: 0.008 Loaded shared library C:\Program Files\Java\jdk-17\bin\java.dll


Dynamic libraries:
0x00007ff7995f0000 - 0x00007ff799600000 	C:\Program Files\Java\jdk-17\bin\java.exe
0x00007ffbfcbb0000 - 0x00007ffbfcda8000 	C:\WINDOWS\SYSTEM32\ntdll.dll
0x00007ffbfb070000 - 0x00007ffbfb12d000 	C:\WINDOWS\System32\KERNEL32.DLL
0x00007ffbfa910000 - 0x00007ffbfac06000 	C:\WINDOWS\System32\KERNELBASE.dll
0x00007ffbfa4c0000 - 0x00007ffbfa5c0000 	C:\WINDOWS\System32\ucrtbase.dll
0x00007ffbd1800000 - 0x00007ffbd181b000 	C:\Program Files\Java\jdk-17\bin\VCRUNTIME140.dll
0x00007ffbd1450000 - 0x00007ffbd1469000 	C:\Program Files\Java\jdk-17\bin\jli.dll
0x00007ffbfafc0000 - 0x00007ffbfb06f000 	C:\WINDOWS\System32\ADVAPI32.dll
0x00007ffbfb2a0000 - 0x00007ffbfb33e000 	C:\WINDOWS\System32\msvcrt.dll
0x00007ffbfb1a0000 - 0x00007ffbfb23c000 	C:\WINDOWS\System32\sechost.dll
0x00007ffbfbc00000 - 0x00007ffbfbd26000 	C:\WINDOWS\System32\RPCRT4.dll
0x00007ffbfc9d0000 - 0x00007ffbfcb6e000 	C:\WINDOWS\System32\USER32.dll
0x00007ffbe0f30000 - 0x00007ffbe11ca000 	C:\WINDOWS\WinSxS\amd64_microsoft.windows.common-controls_6595b64144ccf1df_6.0.19041.3636_none_60b6a03d71f818d5\COMCTL32.dll
0x00007ffbfa630000 - 0x00007ffbfa652000 	C:\WINDOWS\System32\win32u.dll
0x00007ffbfc880000 - 0x00007ffbfc8ac000 	C:\WINDOWS\System32\GDI32.dll
0x00007ffbfa3a0000 - 0x00007ffbfa4ba000 	C:\WINDOWS\System32\gdi32full.dll
0x00007ffbfa660000 - 0x00007ffbfa6fd000 	C:\WINDOWS\System32\msvcp_win.dll
0x00007ffbf2f50000 - 0x00007ffbf2f5a000 	C:\WINDOWS\SYSTEM32\VERSION.dll
0x00007ffbfbbd0000 - 0x00007ffbfbc00000 	C:\WINDOWS\System32\IMM32.DLL
0x00007ffbdd740000 - 0x00007ffbdd74c000 	C:\Program Files\Java\jdk-17\bin\vcruntime140_1.dll
0x00007ffbbe2f0000 - 0x00007ffbbe37e000 	C:\Program Files\Java\jdk-17\bin\msvcp140.dll
0x00007ffbb7670000 - 0x00007ffbb8251000 	C:\Program Files\Java\jdk-17\bin\server\jvm.dll
0x00007ffbfb340000 - 0x00007ffbfb348000 	C:\WINDOWS\System32\PSAPI.DLL
0x00007ffbe5920000 - 0x00007ffbe5947000 	C:\WINDOWS\SYSTEM32\WINMM.dll
0x00007ffbf76c0000 - 0x00007ffbf76c9000 	C:\WINDOWS\SYSTEM32\WSOCK32.dll
0x00007ffbfb130000 - 0x00007ffbfb19b000 	C:\WINDOWS\System32\WS2_32.dll
0x00007ffbf8ae0000 - 0x00007ffbf8af2000 	C:\WINDOWS\SYSTEM32\kernel.appcore.dll
0x00007ffbdcee0000 - 0x00007ffbdceea000 	C:\Program Files\Java\jdk-17\bin\jimage.dll
0x00007ffbf8030000 - 0x00007ffbf8214000 	C:\WINDOWS\SYSTEM32\DBGHELP.DLL
0x00007ffbcfa40000 - 0x00007ffbcfa74000 	C:\WINDOWS\SYSTEM32\dbgcore.DLL
0x00007ffbfa310000 - 0x00007ffbfa392000 	C:\WINDOWS\System32\bcryptPrimitives.dll
0x00007ffbf59d0000 - 0x00007ffbf59de000 	C:\Program Files\Java\jdk-17\bin\instrument.dll
0x00007ffbd1420000 - 0x00007ffbd1445000 	C:\Program Files\Java\jdk-17\bin\java.dll

dbghelp: loaded successfully - version: 4.0.5 - missing functions: none
symbol engine: initialized successfully - sym options: 0x614 - pdb path: .;C:\Program Files\Java\jdk-17\bin;C:\WINDOWS\SYSTEM32;C:\WINDOWS\WinSxS\amd64_microsoft.windows.common-controls_6595b64144ccf1df_6.0.19041.3636_none_60b6a03d71f818d5;C:\Program Files\Java\jdk-17\bin\server

VM Arguments:
jvm_args: -javaagent:C:\Program Files\JetBrains\IntelliJ IDEA Community Edition 2023.3.1\lib\idea_rt.jar=59492:C:\Program Files\JetBrains\IntelliJ IDEA Community Edition 2023.3.1\bin -Dfile.encoding=UTF-8 
java_command: qrcodeapi.Application
java_class_path (initial): C:\Users\flozy\IdeaProjects\QRCode Service1\QRCode Service\task\out\production\classes;C:\Users\flozy\IdeaProjects\QRCode Service1\QRCode Service\task\out\production\resources;C:\Users\flozy\.gradle\caches\modules-2\files-2.1\org.springframework.boot\spring-boot-starter-actuator\3.0.2\7d884d7edd505b6d419e86cfaa90c6ec7e847cc7\spring-boot-starter-actuator-3.0.2.jar;C:\Users\flozy\.gradle\caches\modules-2\files-2.1\org.springframework.boot\spring-boot-starter-web\3.0.2\3f6a2cb4cb11bac3611f5a95e234589eb190dd29\spring-boot-starter-web-3.0.2.jar;C:\Users\flozy\.gradle\caches\modules-2\files-2.1\org.springframework.boot\spring-boot-starter\3.0.2\a9426629b5a83ad64fbe4e1d24081cccf4cdab14\spring-boot-starter-3.0.2.jar;C:\Users\flozy\.gradle\caches\modules-2\files-2.1\com.google.zxing\javase\3.5.2\b9b1eecd1032e57d086ae80019861f77e8b54752\javase-3.5.2.jar;C:\Users\flozy\.gradle\caches\modules-2\files-2.1\com.google.zxing\core\3.5.2\baab0f4a47b2052c9393af6af7c47a9dd8d89297\core-3.5.2.jar;C:\Users\flozy\.gradle\caches\modules-2\files-2.1\org.springframework.boot\spring-boot-actuator-autoconfigure\3.0.2\93b5dc38805cc247ae5f1eb4612fe06a12930184\spring-boot-actuator-autoconfigure-3.0.2.jar;C:\Users\flozy\.gradle\caches\modules-2\files-2.1\io.micrometer\micrometer-core\1.10.3\278d3ce3ec0032829291ed88096831ae7be1054a\micrometer-core-1.10.3.jar;C:\Users\flozy\.gradle\caches\modules-2\files-2.1\io.micrometer\micrometer-observation\1.10.3\32cc59dc8b5f00fba9fa88b7139898b0f7905db7\micrometer-observation-1.10.3.jar;C:\Users\flozy\.gradle\caches\modules-2\files-2.1\org.springframework.boot\spring-boot-starter-json\3.0.2\11b9a2903af9014696d2576605bb73e8bca6ee19\spring-boot-starter-json-3.0.2.jar;C:\Users\flozy\.gradle\caches\modules-2\files-2.1\org.springframework.boot\spring-boot-starter-tomcat\3.0.2\4d50f0cdcb4b8f74221ae823dd77c18290473045\spring-boot-starter-tomcat-3.0.2.jar;C:\Users\flozy\.gradle\caches\modules-2\files-2.1\org.springframework\spring-webmvc\6.0
Launcher Type: SUN_STANDARD

[Global flags]
     intx CICompilerCount                          = 4                                         {product} {ergonomic}
     uint ConcGCThreads                            = 3                                         {product} {ergonomic}
     uint G1ConcRefinementThreads                  = 10                                        {product} {ergonomic}
   size_t G1HeapRegionSize                         = 2097152                                   {product} {ergonomic}
    uintx GCDrainStackTargetSize                   = 64                                        {product} {ergonomic}
   size_t InitialHeapSize                          = 266338304                                 {product} {ergonomic}
   size_t MarkStackSize                            = 4194304                                   {product} {ergonomic}
   size_t MaxHeapSize                              = 4242538496                                {product} {ergonomic}
   size_t MinHeapDeltaBytes                        = 2097152                                   {product} {ergonomic}
   size_t MinHeapSize                              = 8388608                                   {product} {ergonomic}
    uintx NonNMethodCodeHeapSize                   = 5839372                                {pd product} {ergonomic}
    uintx NonProfiledCodeHeapSize                  = 122909434                              {pd product} {ergonomic}
    uintx ProfiledCodeHeapSize                     = 122909434                              {pd product} {ergonomic}
    uintx ReservedCodeCacheSize                    = 251658240                              {pd product} {ergonomic}
     bool SegmentedCodeCache                       = true                                      {product} {ergonomic}
   size_t SoftMaxHeapSize                          = 4242538496                             {manageable} {ergonomic}
     bool UseCompressedClassPointers               = true                           {product lp64_product} {ergonomic}
     bool UseCompressedOops                        = true                           {product lp64_product} {ergonomic}
     bool UseG1GC                                  = true                                      {product} {ergonomic}
     bool UseLargePagesIndividualAllocation        = false                                  {pd product} {ergonomic}

Logging:
Log output configuration:
 #0: stdout all=warning uptime,level,tags
 #1: stderr all=off uptime,level,tags

Environment Variables:
PATH=C:\Program Files\Common Files\Oracle\Java\javapath;C:\Windows\system32;C:\Windows;C:\Windows\System32\Wbem;C:\Windows\System32\WindowsPowerShell\v1.0\;C:\Windows\System32\OpenSSH\;C:\Program Files (x86)\NVIDIA Corporation\PhysX\Common;C:\Program Files\NVIDIA Corporation\NVIDIA NvDLISR;C:\WINDOWS\system32;C:\WINDOWS;C:\WINDOWS\System32\Wbem;C:\WINDOWS\System32\WindowsPowerShell\v1.0\;C:\WINDOWS\System32\OpenSSH\;C:\Users\flozy\AppData\Local\Microsoft\WindowsApps;;C:\Program Files\JetBrains\IntelliJ IDEA Community Edition 2023.3.1\bin;;C:\Program Files\JetBrains\IntelliJ IDEA 2023.3.1\bin;
USERNAME=flozy
OS=Windows_NT
PROCESSOR_IDENTIFIER=Intel64 Family 6 Model 158 Stepping 10, GenuineIntel



---------------  S Y S T E M  ---------------

OS:
 Windows 10 , 64 bit Build 19041 (10.0.19041.3636)
OS uptime: 0 days 11:13 hours

CPU: total 12 (initial active 12) (6 cores per cpu, 2 threads per core) family 6 model 158 stepping 10 microcode 0xf0, cx8, cmov, fxsr, ht, mmx, 3dnowpref, sse, sse2, sse3, ssse3, sse4.1, sse4.2, popcnt, lzcnt, tsc, tscinvbit, avx, avx2, aes, erms, clmul, bmi1, bmi2, adx, fma, vzeroupper, clflush, clflushopt

Memory: 4k page, system-wide physical 16177M (1795M free)
TotalPageFile size 44105M (AvailPageFile size 69M)
current process WorkingSet (physical memory assigned to process): 10M, peak: 10M
current process commit charge ("private bytes"): 64M, peak: 318M

vm_info: Java HotSpot(TM) 64-Bit Server VM (17.0.9+11-LTS-201) for windows-amd64 JRE (17.0.9+11-LTS-201), built on Oct 10 2023 23:16:06 by "mach5one" with MS VC++ 17.1 (VS2022)

END.
